{"/home/codepoet/Desktop/NodeRestApi/config/default.ts": {"path":"/home/codepoet/Desktop/NodeRestApi/config/default.ts","statementMap":{"0":{"start":{"line":1,"column":0},"end":{"line":43,"column":2}}},"fnMap":{},"branchMap":{},"s":{"0":2},"f":{},"b":{}}
,"/home/codepoet/Desktop/NodeRestApi/config/test.ts": {"path":"/home/codepoet/Desktop/NodeRestApi/config/test.ts","statementMap":{"0":{"start":{"line":1,"column":0},"end":{"line":43,"column":2}}},"fnMap":{},"branchMap":{},"s":{"0":2},"f":{},"b":{}}
,"/home/codepoet/Desktop/NodeRestApi/src/routes.ts": {"path":"/home/codepoet/Desktop/NodeRestApi/src/routes.ts","statementMap":{"0":{"start":{"line":3,"column":0},"end":{"line":3,"column":null}},"1":{"start":{"line":10,"column":0},"end":{"line":10,"column":null}},"2":{"start":{"line":16,"column":0},"end":{"line":16,"column":65}},"3":{"start":{"line":18,"column":0},"end":{"line":18,"column":62}},"4":{"start":{"line":20,"column":0},"end":{"line":20,"column":null}},"5":{"start":{"line":27,"column":0},"end":{"line":27,"column":62}},"6":{"start":{"line":29,"column":0},"end":{"line":29,"column":56}},"7":{"start":{"line":44,"column":2},"end":{"line":46,"column":5}},"8":{"start":{"line":45,"column":4},"end":{"line":45,"column":32}},"9":{"start":{"line":93,"column":2},"end":{"line":93,"column":80}},"10":{"start":{"line":95,"column":2},"end":{"line":99,"column":4}},"11":{"start":{"line":101,"column":2},"end":{"line":101,"column":64}},"12":{"start":{"line":103,"column":2},"end":{"line":103,"column":69}},"13":{"start":{"line":105,"column":2},"end":{"line":109,"column":4}},"14":{"start":{"line":134,"column":2},"end":{"line":138,"column":4}},"15":{"start":{"line":140,"column":2},"end":{"line":144,"column":4}},"16":{"start":{"line":146,"column":2},"end":{"line":150,"column":4}},"17":{"start":{"line":153,"column":0},"end":{"line":153,"column":22}}},"fnMap":{"0":{"name":"routes","decl":{"start":{"line":31,"column":9},"end":{"line":31,"column":15}},"loc":{"start":{"line":31,"column":28},"end":{"line":151,"column":1}}},"1":{"name":"(anonymous_1)","decl":{"start":{"line":44,"column":26},"end":{"line":44,"column":27}},"loc":{"start":{"line":44,"column":58},"end":{"line":46,"column":3}}}},"branchMap":{},"s":{"0":2,"1":2,"2":2,"3":2,"4":2,"5":2,"6":2,"7":2,"8":0,"9":2,"10":2,"11":2,"12":2,"13":2,"14":2,"15":2,"16":2,"17":2},"f":{"0":2,"1":0},"b":{}}
,"/home/codepoet/Desktop/NodeRestApi/src/controller/product.controller.ts": {"path":"/home/codepoet/Desktop/NodeRestApi/src/controller/product.controller.ts","statementMap":{"0":{"start":{"line":8,"column":0},"end":{"line":8,"column":null}},"1":{"start":{"line":14,"column":0},"end":{"line":14,"column":39}},"2":{"start":{"line":20,"column":2},"end":{"line":31,"column":null}},"3":{"start":{"line":21,"column":19},"end":{"line":21,"column":38}},"4":{"start":{"line":22,"column":17},"end":{"line":22,"column":25}},"5":{"start":{"line":23,"column":20},"end":{"line":25,"column":null}},"6":{"start":{"line":27,"column":4},"end":{"line":27,"column":41}},"7":{"start":{"line":29,"column":4},"end":{"line":29,"column":28}},"8":{"start":{"line":30,"column":4},"end":{"line":30,"column":57}},"9":{"start":{"line":16,"column":0},"end":{"line":16,"column":22}},"10":{"start":{"line":38,"column":17},"end":{"line":38,"column":36}},"11":{"start":{"line":40,"column":20},"end":{"line":40,"column":40}},"12":{"start":{"line":42,"column":17},"end":{"line":42,"column":25}},"13":{"start":{"line":44,"column":18},"end":{"line":44,"column":50}},"14":{"start":{"line":46,"column":2},"end":{"line":48,"column":null}},"15":{"start":{"line":47,"column":4},"end":{"line":47,"column":46}},"16":{"start":{"line":50,"column":2},"end":{"line":52,"column":null}},"17":{"start":{"line":51,"column":4},"end":{"line":51,"column":46}},"18":{"start":{"line":54,"column":25},"end":{"line":56,"column":4}},"19":{"start":{"line":58,"column":2},"end":{"line":58,"column":46}},"20":{"start":{"line":34,"column":0},"end":{"line":34,"column":22}},"21":{"start":{"line":65,"column":20},"end":{"line":65,"column":40}},"22":{"start":{"line":66,"column":18},"end":{"line":66,"column":50}},"23":{"start":{"line":68,"column":2},"end":{"line":70,"column":null}},"24":{"start":{"line":69,"column":4},"end":{"line":69,"column":46}},"25":{"start":{"line":72,"column":2},"end":{"line":72,"column":39}},"26":{"start":{"line":61,"column":0},"end":{"line":61,"column":22}},"27":{"start":{"line":79,"column":17},"end":{"line":79,"column":36}},"28":{"start":{"line":81,"column":20},"end":{"line":81,"column":40}},"29":{"start":{"line":83,"column":18},"end":{"line":83,"column":50}},"30":{"start":{"line":85,"column":2},"end":{"line":87,"column":null}},"31":{"start":{"line":86,"column":4},"end":{"line":86,"column":46}},"32":{"start":{"line":89,"column":2},"end":{"line":91,"column":null}},"33":{"start":{"line":90,"column":4},"end":{"line":90,"column":46}},"34":{"start":{"line":93,"column":2},"end":{"line":93,"column":37}},"35":{"start":{"line":95,"column":2},"end":{"line":95,"column":39}},"36":{"start":{"line":75,"column":0},"end":{"line":75,"column":22}}},"fnMap":{"0":{"name":"createProductHandler","decl":{"start":{"line":16,"column":22},"end":{"line":16,"column":42}},"loc":{"start":{"line":18,"column":15},"end":{"line":32,"column":null}}},"1":{"name":"updateProductHandler","decl":{"start":{"line":34,"column":22},"end":{"line":34,"column":42}},"loc":{"start":{"line":36,"column":15},"end":{"line":59,"column":null}}},"2":{"name":"getProductHandler","decl":{"start":{"line":61,"column":22},"end":{"line":61,"column":39}},"loc":{"start":{"line":63,"column":15},"end":{"line":73,"column":null}}},"3":{"name":"deleteProductHandler","decl":{"start":{"line":75,"column":22},"end":{"line":75,"column":42}},"loc":{"start":{"line":77,"column":15},"end":{"line":96,"column":null}}}},"branchMap":{"0":{"loc":{"start":{"line":46,"column":2},"end":{"line":48,"column":null}},"type":"if","locations":[{"start":{"line":46,"column":2},"end":{"line":48,"column":null}}]},"1":{"loc":{"start":{"line":50,"column":2},"end":{"line":52,"column":null}},"type":"if","locations":[{"start":{"line":50,"column":2},"end":{"line":52,"column":null}}]},"2":{"loc":{"start":{"line":68,"column":2},"end":{"line":70,"column":null}},"type":"if","locations":[{"start":{"line":68,"column":2},"end":{"line":70,"column":null}}]},"3":{"loc":{"start":{"line":85,"column":2},"end":{"line":87,"column":null}},"type":"if","locations":[{"start":{"line":85,"column":2},"end":{"line":87,"column":null}}]},"4":{"loc":{"start":{"line":89,"column":2},"end":{"line":91,"column":null}},"type":"if","locations":[{"start":{"line":89,"column":2},"end":{"line":91,"column":null}}]}},"s":{"0":2,"1":2,"2":1,"3":1,"4":1,"5":1,"6":1,"7":0,"8":0,"9":2,"10":0,"11":0,"12":0,"13":0,"14":0,"15":0,"16":0,"17":0,"18":0,"19":0,"20":2,"21":2,"22":2,"23":2,"24":1,"25":1,"26":2,"27":0,"28":0,"29":0,"30":0,"31":0,"32":0,"33":0,"34":0,"35":0,"36":2},"f":{"0":1,"1":0,"2":2,"3":0},"b":{"0":[0],"1":[0],"2":[1],"3":[0],"4":[0]}}
,"/home/codepoet/Desktop/NodeRestApi/src/controller/session.controller.ts": {"path":"/home/codepoet/Desktop/NodeRestApi/src/controller/session.controller.ts","statementMap":{"0":{"start":{"line":2,"column":0},"end":{"line":2,"column":28}},"1":{"start":{"line":3,"column":0},"end":{"line":3,"column":null}},"2":{"start":{"line":8,"column":0},"end":{"line":8,"column":59}},"3":{"start":{"line":9,"column":0},"end":{"line":9,"column":45}},"4":{"start":{"line":10,"column":0},"end":{"line":10,"column":30}},"5":{"start":{"line":14,"column":15},"end":{"line":14,"column":47}},"6":{"start":{"line":15,"column":2},"end":{"line":15,"column":71}},"7":{"start":{"line":15,"column":13},"end":{"line":15,"column":71}},"8":{"start":{"line":17,"column":18},"end":{"line":17,"column":76}},"9":{"start":{"line":19,"column":2},"end":{"line":21,"column":null}},"10":{"start":{"line":20,"column":4},"end":{"line":20,"column":56}},"11":{"start":{"line":23,"column":22},"end":{"line":25,"column":null}},"12":{"start":{"line":28,"column":23},"end":{"line":30,"column":null}},"13":{"start":{"line":33,"column":2},"end":{"line":33,"column":61}},"14":{"start":{"line":12,"column":0},"end":{"line":12,"column":22}},"15":{"start":{"line":37,"column":17},"end":{"line":37,"column":36}},"16":{"start":{"line":39,"column":19},"end":{"line":39,"column":68}},"17":{"start":{"line":41,"column":2},"end":{"line":41,"column":49}},"18":{"start":{"line":36,"column":0},"end":{"line":36,"column":22}},"19":{"start":{"line":49,"column":20},"end":{"line":49,"column":43}},"20":{"start":{"line":51,"column":2},"end":{"line":51,"column":60}},"21":{"start":{"line":53,"column":2},"end":{"line":56,"column":5}},"22":{"start":{"line":44,"column":0},"end":{"line":44,"column":22}}},"fnMap":{"0":{"name":"createUserSessionHandler","decl":{"start":{"line":12,"column":22},"end":{"line":12,"column":46}},"loc":{"start":{"line":12,"column":74},"end":{"line":34,"column":null}}},"1":{"name":"getUserSessionsHandler","decl":{"start":{"line":36,"column":22},"end":{"line":36,"column":44}},"loc":{"start":{"line":36,"column":72},"end":{"line":42,"column":null}}},"2":{"name":"deleteUserSessionHandler","decl":{"start":{"line":44,"column":22},"end":{"line":44,"column":46}},"loc":{"start":{"line":47,"column":20},"end":{"line":57,"column":null}}}},"branchMap":{"0":{"loc":{"start":{"line":15,"column":2},"end":{"line":15,"column":71}},"type":"if","locations":[{"start":{"line":15,"column":2},"end":{"line":15,"column":71}}]},"1":{"loc":{"start":{"line":17,"column":48},"end":{"line":17,"column":75}},"type":"binary-expr","locations":[{"start":{"line":17,"column":48},"end":{"line":17,"column":69}},{"start":{"line":17,"column":73},"end":{"line":17,"column":75}}]},"2":{"loc":{"start":{"line":19,"column":2},"end":{"line":21,"column":null}},"type":"if","locations":[{"start":{"line":19,"column":2},"end":{"line":21,"column":null}}]}},"s":{"0":2,"1":2,"2":2,"3":2,"4":2,"5":1,"6":1,"7":0,"8":1,"9":1,"10":0,"11":1,"12":1,"13":1,"14":2,"15":0,"16":0,"17":0,"18":2,"19":0,"20":0,"21":0,"22":2},"f":{"0":1,"1":0,"2":0},"b":{"0":[0],"1":[1,0],"2":[0]}}
,"/home/codepoet/Desktop/NodeRestApi/src/controller/user.controller.ts": {"path":"/home/codepoet/Desktop/NodeRestApi/src/controller/user.controller.ts","statementMap":{"0":{"start":{"line":2,"column":0},"end":{"line":2,"column":39}},"1":{"start":{"line":4,"column":0},"end":{"line":4,"column":55}},"2":{"start":{"line":11,"column":2},"end":{"line":17,"column":null}},"3":{"start":{"line":12,"column":17},"end":{"line":12,"column":43}},"4":{"start":{"line":13,"column":4},"end":{"line":13,"column":38}},"5":{"start":{"line":15,"column":4},"end":{"line":15,"column":20}},"6":{"start":{"line":16,"column":4},"end":{"line":16,"column":43}},"7":{"start":{"line":7,"column":0},"end":{"line":7,"column":22}}},"fnMap":{"0":{"name":"createUserHandler","decl":{"start":{"line":7,"column":22},"end":{"line":7,"column":39}},"loc":{"start":{"line":9,"column":15},"end":{"line":18,"column":null}}}},"branchMap":{},"s":{"0":2,"1":2,"2":2,"3":2,"4":1,"5":1,"6":1,"7":2},"f":{"0":2},"b":{}}
,"/home/codepoet/Desktop/NodeRestApi/src/middleware/deserializeUser.ts": {"path":"/home/codepoet/Desktop/NodeRestApi/src/middleware/deserializeUser.ts","statementMap":{"0":{"start":{"line":2,"column":0},"end":{"line":2,"column":47}},"1":{"start":{"line":3,"column":0},"end":{"line":3,"column":29}},"2":{"start":{"line":4,"column":0},"end":{"line":4,"column":64}},"3":{"start":{"line":6,"column":31},"end":{"line":41,"column":2}},"4":{"start":{"line":10,"column":4},"end":{"line":41,"column":2}},"5":{"start":{"line":11,"column":22},"end":{"line":13,"column":null}},"6":{"start":{"line":16,"column":23},"end":{"line":16,"column":62}},"7":{"start":{"line":18,"column":2},"end":{"line":18,"column":34}},"8":{"start":{"line":18,"column":20},"end":{"line":18,"column":34}},"9":{"start":{"line":20,"column":31},"end":{"line":20,"column":53}},"10":{"start":{"line":22,"column":2},"end":{"line":25,"column":null}},"11":{"start":{"line":23,"column":4},"end":{"line":23,"column":30}},"12":{"start":{"line":24,"column":4},"end":{"line":24,"column":18}},"13":{"start":{"line":27,"column":2},"end":{"line":38,"column":null}},"14":{"start":{"line":28,"column":27},"end":{"line":28,"column":69}},"15":{"start":{"line":30,"column":4},"end":{"line":32,"column":null}},"16":{"start":{"line":31,"column":6},"end":{"line":31,"column":54}},"17":{"start":{"line":34,"column":19},"end":{"line":34,"column":44}},"18":{"start":{"line":36,"column":4},"end":{"line":36,"column":37}},"19":{"start":{"line":37,"column":4},"end":{"line":37,"column":18}},"20":{"start":{"line":40,"column":2},"end":{"line":40,"column":16}},"21":{"start":{"line":6,"column":13},"end":{"line":6,"column":31}}},"fnMap":{"0":{"name":"(anonymous_7)","decl":{"start":{"line":6,"column":31},"end":{"line":6,"column":null}},"loc":{"start":{"line":10,"column":4},"end":{"line":41,"column":2}}},"1":{"name":"(anonymous_8)","decl":{"start":{"line":10,"column":4},"end":{"line":10,"column":null}},"loc":{"start":{"line":10,"column":4},"end":{"line":41,"column":1}}}},"branchMap":{"0":{"loc":{"start":{"line":18,"column":2},"end":{"line":18,"column":34}},"type":"if","locations":[{"start":{"line":18,"column":2},"end":{"line":18,"column":34}}]},"1":{"loc":{"start":{"line":22,"column":2},"end":{"line":25,"column":null}},"type":"if","locations":[{"start":{"line":22,"column":2},"end":{"line":25,"column":null}}]},"2":{"loc":{"start":{"line":27,"column":2},"end":{"line":38,"column":null}},"type":"if","locations":[{"start":{"line":27,"column":2},"end":{"line":38,"column":null}}]},"3":{"loc":{"start":{"line":27,"column":6},"end":{"line":27,"column":29}},"type":"binary-expr","locations":[{"start":{"line":27,"column":6},"end":{"line":27,"column":13}},{"start":{"line":27,"column":17},"end":{"line":27,"column":29}}]},"4":{"loc":{"start":{"line":30,"column":4},"end":{"line":32,"column":null}},"type":"if","locations":[{"start":{"line":30,"column":4},"end":{"line":32,"column":null}}]}},"s":{"0":2,"1":2,"2":2,"3":2,"4":7,"5":7,"6":7,"7":7,"8":6,"9":1,"10":1,"11":1,"12":1,"13":0,"14":0,"15":0,"16":0,"17":0,"18":0,"19":0,"20":0,"21":2},"f":{"0":7,"1":7},"b":{"0":[6],"1":[1],"2":[0],"3":[0,0],"4":[0]}}
,"/home/codepoet/Desktop/NodeRestApi/src/middleware/index.ts": {"path":"/home/codepoet/Desktop/NodeRestApi/src/middleware/index.ts","statementMap":{"0":{"start":{"line":1,"column":0},"end":{"line":1,"column":9}},"1":{"start":{"line":1,"column":9},"end":{"line":1,"column":52}},"2":{"start":{"line":2,"column":0},"end":{"line":2,"column":9}},"3":{"start":{"line":2,"column":9},"end":{"line":2,"column":31}},"4":{"start":{"line":3,"column":0},"end":{"line":3,"column":9}},"5":{"start":{"line":3,"column":9},"end":{"line":3,"column":36}}},"fnMap":{"0":{"name":"(anonymous_1)","decl":{"start":{"line":1,"column":9},"end":{"line":1,"column":24}},"loc":{"start":{"line":1,"column":9},"end":{"line":1,"column":52}}},"1":{"name":"(anonymous_2)","decl":{"start":{"line":2,"column":9},"end":{"line":2,"column":16}},"loc":{"start":{"line":2,"column":9},"end":{"line":2,"column":31}}},"2":{"name":"(anonymous_3)","decl":{"start":{"line":3,"column":9},"end":{"line":3,"column":16}},"loc":{"start":{"line":3,"column":9},"end":{"line":3,"column":36}}}},"branchMap":{},"s":{"0":2,"1":2,"2":2,"3":12,"4":2,"5":14},"f":{"0":0,"1":10,"2":12},"b":{}}
,"/home/codepoet/Desktop/NodeRestApi/src/middleware/requireUser.ts": {"path":"/home/codepoet/Desktop/NodeRestApi/src/middleware/requireUser.ts","statementMap":{"0":{"start":{"line":3,"column":20},"end":{"line":11,"column":1}},"1":{"start":{"line":4,"column":15},"end":{"line":4,"column":30}},"2":{"start":{"line":6,"column":2},"end":{"line":8,"column":null}},"3":{"start":{"line":7,"column":4},"end":{"line":7,"column":40}},"4":{"start":{"line":10,"column":2},"end":{"line":10,"column":16}},"5":{"start":{"line":13,"column":0},"end":{"line":13,"column":27}}},"fnMap":{"0":{"name":"(anonymous_0)","decl":{"start":{"line":3,"column":20},"end":{"line":3,"column":21}},"loc":{"start":{"line":3,"column":72},"end":{"line":11,"column":1}}}},"branchMap":{"0":{"loc":{"start":{"line":6,"column":2},"end":{"line":8,"column":null}},"type":"if","locations":[{"start":{"line":6,"column":2},"end":{"line":8,"column":null}}]}},"s":{"0":2,"1":2,"2":2,"3":1,"4":1,"5":2},"f":{"0":2},"b":{"0":[1]}}
,"/home/codepoet/Desktop/NodeRestApi/src/middleware/validateResource.ts": {"path":"/home/codepoet/Desktop/NodeRestApi/src/middleware/validateResource.ts","statementMap":{"0":{"start":{"line":5,"column":2},"end":{"line":17,"column":3}},"1":{"start":{"line":6,"column":2},"end":{"line":17,"column":3}},"2":{"start":{"line":7,"column":4},"end":{"line":16,"column":null}},"3":{"start":{"line":8,"column":6},"end":{"line":12,"column":9}},"4":{"start":{"line":13,"column":6},"end":{"line":13,"column":13}},"5":{"start":{"line":15,"column":6},"end":{"line":15,"column":44}},"6":{"start":{"line":19,"column":0},"end":{"line":19,"column":24}}},"fnMap":{"0":{"name":"(anonymous_0)","decl":{"start":{"line":5,"column":2},"end":{"line":5,"column":3}},"loc":{"start":{"line":6,"column":2},"end":{"line":17,"column":3}}},"1":{"name":"(anonymous_1)","decl":{"start":{"line":6,"column":2},"end":{"line":6,"column":3}},"loc":{"start":{"line":6,"column":54},"end":{"line":17,"column":3}}}},"branchMap":{},"s":{"0":2,"1":12,"2":6,"3":6,"4":5,"5":1,"6":2},"f":{"0":12,"1":6},"b":{}}
,"/home/codepoet/Desktop/NodeRestApi/src/models/product.model.ts": {"path":"/home/codepoet/Desktop/NodeRestApi/src/models/product.model.ts","statementMap":{"0":{"start":{"line":1,"column":0},"end":{"line":1,"column":51}},"1":{"start":{"line":2,"column":0},"end":{"line":2,"column":40}},"2":{"start":{"line":5,"column":15},"end":{"line":5,"column":73}},"3":{"start":{"line":18,"column":22},"end":{"line":51,"column":null}},"4":{"start":{"line":24,"column":21},"end":{"line":24,"column":42}},"5":{"start":{"line":53,"column":16},"end":{"line":53,"column":57}},"6":{"start":{"line":55,"column":0},"end":{"line":55,"column":23}}},"fnMap":{"0":{"name":"(anonymous_0)","decl":{"start":{"line":24,"column":15},"end":{"line":24,"column":18}},"loc":{"start":{"line":24,"column":21},"end":{"line":24,"column":42}}}},"branchMap":{},"s":{"0":2,"1":2,"2":2,"3":2,"4":2,"5":2,"6":2},"f":{"0":2},"b":{}}
,"/home/codepoet/Desktop/NodeRestApi/src/models/session.model.ts": {"path":"/home/codepoet/Desktop/NodeRestApi/src/models/session.model.ts","statementMap":{"0":{"start":{"line":1,"column":0},"end":{"line":1,"column":58}},"1":{"start":{"line":12,"column":22},"end":{"line":31,"column":null}},"2":{"start":{"line":34,"column":21},"end":{"line":34,"column":62}},"3":{"start":{"line":36,"column":0},"end":{"line":36,"column":28}}},"fnMap":{},"branchMap":{},"s":{"0":2,"1":2,"2":2,"3":2},"f":{},"b":{}}
,"/home/codepoet/Desktop/NodeRestApi/src/models/user.model.ts": {"path":"/home/codepoet/Desktop/NodeRestApi/src/models/user.model.ts","statementMap":{"0":{"start":{"line":1,"column":0},"end":{"line":1,"column":51}},"1":{"start":{"line":2,"column":0},"end":{"line":2,"column":28}},"2":{"start":{"line":3,"column":0},"end":{"line":3,"column":28}},"3":{"start":{"line":14,"column":19},"end":{"line":34,"column":null}},"4":{"start":{"line":37,"column":0},"end":{"line":51,"column":3}},"5":{"start":{"line":38,"column":13},"end":{"line":38,"column":26}},"6":{"start":{"line":40,"column":2},"end":{"line":42,"column":null}},"7":{"start":{"line":41,"column":4},"end":{"line":41,"column":18}},"8":{"start":{"line":44,"column":15},"end":{"line":44,"column":73}},"9":{"start":{"line":46,"column":15},"end":{"line":46,"column":57}},"10":{"start":{"line":48,"column":2},"end":{"line":48,"column":23}},"11":{"start":{"line":50,"column":2},"end":{"line":50,"column":16}},"12":{"start":{"line":53,"column":0},"end":{"line":59,"column":2}},"13":{"start":{"line":56,"column":15},"end":{"line":56,"column":28}},"14":{"start":{"line":58,"column":2},"end":{"line":58,"column":78}},"15":{"start":{"line":58,"column":71},"end":{"line":58,"column":76}},"16":{"start":{"line":61,"column":13},"end":{"line":61,"column":45}},"17":{"start":{"line":63,"column":0},"end":{"line":63,"column":20}}},"fnMap":{"0":{"name":"(anonymous_8)","decl":{"start":{"line":37,"column":23},"end":{"line":37,"column":39}},"loc":{"start":{"line":37,"column":43},"end":{"line":51,"column":2}}},"1":{"name":"(anonymous_10)","decl":{"start":{"line":53,"column":37},"end":{"line":53,"column":null}},"loc":{"start":{"line":54,"column":27},"end":{"line":59,"column":2}}},"2":{"name":"(anonymous_12)","decl":{"start":{"line":58,"column":64},"end":{"line":58,"column":65}},"loc":{"start":{"line":58,"column":71},"end":{"line":58,"column":76}}}},"branchMap":{"0":{"loc":{"start":{"line":40,"column":2},"end":{"line":42,"column":null}},"type":"if","locations":[{"start":{"line":40,"column":2},"end":{"line":42,"column":null}}]}},"s":{"0":2,"1":2,"2":2,"3":2,"4":2,"5":0,"6":0,"7":0,"8":0,"9":0,"10":0,"11":0,"12":2,"13":0,"14":0,"15":0,"16":2,"17":2},"f":{"0":0,"1":0,"2":0},"b":{"0":[0]}}
,"/home/codepoet/Desktop/NodeRestApi/src/schema/product.schema.ts": {"path":"/home/codepoet/Desktop/NodeRestApi/src/schema/product.schema.ts","statementMap":{"0":{"start":{"line":1,"column":0},"end":{"line":1,"column":53}},"1":{"start":{"line":24,"column":23},"end":{"line":39,"column":2}},"2":{"start":{"line":41,"column":15},"end":{"line":47,"column":2}},"3":{"start":{"line":49,"column":13},"end":{"line":51,"column":3}},"4":{"start":{"line":53,"column":13},"end":{"line":56,"column":3}},"5":{"start":{"line":58,"column":13},"end":{"line":60,"column":3}},"6":{"start":{"line":62,"column":13},"end":{"line":64,"column":3}}},"fnMap":{},"branchMap":{},"s":{"0":2,"1":2,"2":2,"3":2,"4":2,"5":2,"6":2},"f":{},"b":{}}
,"/home/codepoet/Desktop/NodeRestApi/src/schema/session.schema.ts": {"path":"/home/codepoet/Desktop/NodeRestApi/src/schema/session.schema.ts","statementMap":{"0":{"start":{"line":1,"column":0},"end":{"line":1,"column":37}},"1":{"start":{"line":3,"column":13},"end":{"line":12,"column":3}}},"fnMap":{},"branchMap":{},"s":{"0":2,"1":2},"f":{},"b":{}}
,"/home/codepoet/Desktop/NodeRestApi/src/schema/user.schema.ts": {"path":"/home/codepoet/Desktop/NodeRestApi/src/schema/user.schema.ts","statementMap":{"0":{"start":{"line":1,"column":0},"end":{"line":1,"column":45}},"1":{"start":{"line":45,"column":13},"end":{"line":63,"column":3}},"2":{"start":{"line":59,"column":22},"end":{"line":59,"column":65}}},"fnMap":{"0":{"name":"(anonymous_0)","decl":{"start":{"line":59,"column":12},"end":{"line":59,"column":13}},"loc":{"start":{"line":59,"column":22},"end":{"line":59,"column":65}}}},"branchMap":{},"s":{"0":2,"1":2,"2":3},"f":{"0":3},"b":{}}
,"/home/codepoet/Desktop/NodeRestApi/src/service/product.service.ts": {"path":"/home/codepoet/Desktop/NodeRestApi/src/service/product.service.ts","statementMap":{"0":{"start":{"line":8,"column":0},"end":{"line":8,"column":60}},"1":{"start":{"line":15,"column":2},"end":{"line":15,"column":31}},"2":{"start":{"line":10,"column":0},"end":{"line":10,"column":22}},"3":{"start":{"line":22,"column":2},"end":{"line":22,"column":45}},"4":{"start":{"line":18,"column":0},"end":{"line":18,"column":22}},"5":{"start":{"line":30,"column":2},"end":{"line":30,"column":58}},"6":{"start":{"line":25,"column":0},"end":{"line":25,"column":22}},"7":{"start":{"line":34,"column":2},"end":{"line":34,"column":34}},"8":{"start":{"line":33,"column":0},"end":{"line":33,"column":22}}},"fnMap":{"0":{"name":"createProduct","decl":{"start":{"line":10,"column":22},"end":{"line":10,"column":35}},"loc":{"start":{"line":13,"column":3},"end":{"line":16,"column":null}}},"1":{"name":"findProduct","decl":{"start":{"line":18,"column":22},"end":{"line":18,"column":33}},"loc":{"start":{"line":20,"column":40},"end":{"line":23,"column":null}}},"2":{"name":"findAndUpdateProduct","decl":{"start":{"line":25,"column":22},"end":{"line":25,"column":42}},"loc":{"start":{"line":28,"column":23},"end":{"line":31,"column":null}}},"3":{"name":"deleteProduct","decl":{"start":{"line":33,"column":22},"end":{"line":33,"column":35}},"loc":{"start":{"line":33,"column":64},"end":{"line":35,"column":null}}}},"branchMap":{"0":{"loc":{"start":{"line":20,"column":2},"end":{"line":20,"column":40}},"type":"default-arg","locations":[{"start":{"line":20,"column":26},"end":{"line":20,"column":40}}]}},"s":{"0":2,"1":2,"2":2,"3":2,"4":2,"5":0,"6":2,"7":0,"8":2},"f":{"0":2,"1":2,"2":0,"3":0},"b":{"0":[2]}}
,"/home/codepoet/Desktop/NodeRestApi/src/service/session.service.ts": {"path":"/home/codepoet/Desktop/NodeRestApi/src/service/session.service.ts","statementMap":{"0":{"start":{"line":1,"column":0},"end":{"line":1,"column":29}},"1":{"start":{"line":3,"column":0},"end":{"line":3,"column":65}},"2":{"start":{"line":4,"column":0},"end":{"line":4,"column":56}},"3":{"start":{"line":5,"column":0},"end":{"line":5,"column":39}},"4":{"start":{"line":6,"column":0},"end":{"line":6,"column":42}},"5":{"start":{"line":7,"column":0},"end":{"line":7,"column":28}},"6":{"start":{"line":10,"column":2},"end":{"line":19,"column":null}},"7":{"start":{"line":11,"column":20},"end":{"line":14,"column":6}},"8":{"start":{"line":15,"column":4},"end":{"line":15,"column":28}},"9":{"start":{"line":17,"column":4},"end":{"line":17,"column":28}},"10":{"start":{"line":18,"column":4},"end":{"line":18,"column":23}},"11":{"start":{"line":9,"column":0},"end":{"line":9,"column":22}},"12":{"start":{"line":23,"column":2},"end":{"line":23,"column":41}},"13":{"start":{"line":22,"column":0},"end":{"line":22,"column":22}},"14":{"start":{"line":30,"column":2},"end":{"line":30,"column":47}},"15":{"start":{"line":26,"column":0},"end":{"line":26,"column":22}},"16":{"start":{"line":38,"column":22},"end":{"line":38,"column":45}},"17":{"start":{"line":40,"column":2},"end":{"line":40,"column":54}},"18":{"start":{"line":40,"column":44},"end":{"line":40,"column":54}},"19":{"start":{"line":42,"column":18},"end":{"line":42,"column":70}},"20":{"start":{"line":44,"column":2},"end":{"line":44,"column":44}},"21":{"start":{"line":44,"column":34},"end":{"line":44,"column":44}},"22":{"start":{"line":46,"column":15},"end":{"line":46,"column":53}},"23":{"start":{"line":48,"column":2},"end":{"line":48,"column":23}},"24":{"start":{"line":48,"column":13},"end":{"line":48,"column":23}},"25":{"start":{"line":50,"column":22},"end":{"line":52,"column":null}},"26":{"start":{"line":55,"column":2},"end":{"line":55,"column":21}},"27":{"start":{"line":33,"column":0},"end":{"line":33,"column":22}}},"fnMap":{"0":{"name":"createSession","decl":{"start":{"line":9,"column":22},"end":{"line":9,"column":35}},"loc":{"start":{"line":9,"column":69},"end":{"line":20,"column":null}}},"1":{"name":"findSessions","decl":{"start":{"line":22,"column":22},"end":{"line":22,"column":34}},"loc":{"start":{"line":22,"column":63},"end":{"line":24,"column":null}}},"2":{"name":"updateSession","decl":{"start":{"line":26,"column":22},"end":{"line":26,"column":35}},"loc":{"start":{"line":28,"column":31},"end":{"line":31,"column":null}}},"3":{"name":"reIssueAccessToken","decl":{"start":{"line":33,"column":22},"end":{"line":33,"column":40}},"loc":{"start":{"line":37,"column":1},"end":{"line":56,"column":null}}}},"branchMap":{"0":{"loc":{"start":{"line":40,"column":2},"end":{"line":40,"column":54}},"type":"if","locations":[{"start":{"line":40,"column":2},"end":{"line":40,"column":54}}]},"1":{"loc":{"start":{"line":40,"column":6},"end":{"line":40,"column":42}},"type":"binary-expr","locations":[{"start":{"line":40,"column":6},"end":{"line":40,"column":14}},{"start":{"line":40,"column":18},"end":{"line":40,"column":42}}]},"2":{"loc":{"start":{"line":44,"column":2},"end":{"line":44,"column":44}},"type":"if","locations":[{"start":{"line":44,"column":2},"end":{"line":44,"column":44}}]},"3":{"loc":{"start":{"line":44,"column":6},"end":{"line":44,"column":32}},"type":"binary-expr","locations":[{"start":{"line":44,"column":6},"end":{"line":44,"column":14}},{"start":{"line":44,"column":18},"end":{"line":44,"column":32}}]},"4":{"loc":{"start":{"line":46,"column":37},"end":{"line":46,"column":50}},"type":"cond-expr","locations":[{"start":{"line":46,"column":44},"end":{"line":46,"column":46}},{"start":{"line":46,"column":37},"end":{"line":46,"column":50}}]},"5":{"loc":{"start":{"line":46,"column":37},"end":{"line":46,"column":46}},"type":"binary-expr","locations":[{"start":{"line":46,"column":37},"end":{"line":46,"column":46}},{"start":{"line":46,"column":37},"end":{"line":46,"column":46}}]},"6":{"loc":{"start":{"line":48,"column":2},"end":{"line":48,"column":23}},"type":"if","locations":[{"start":{"line":48,"column":2},"end":{"line":48,"column":23}}]}},"s":{"0":2,"1":2,"2":2,"3":2,"4":2,"5":2,"6":0,"7":0,"8":0,"9":0,"10":0,"11":2,"12":0,"13":2,"14":0,"15":2,"16":0,"17":0,"18":0,"19":0,"20":0,"21":0,"22":0,"23":0,"24":0,"25":0,"26":0,"27":2},"f":{"0":0,"1":0,"2":0,"3":0},"b":{"0":[0],"1":[0,0],"2":[0],"3":[0,0],"4":[0,0],"5":[0,0],"6":[0]}}
,"/home/codepoet/Desktop/NodeRestApi/src/service/user.service.ts": {"path":"/home/codepoet/Desktop/NodeRestApi/src/service/user.service.ts","statementMap":{"0":{"start":{"line":1,"column":0},"end":{"line":1,"column":30}},"1":{"start":{"line":3,"column":0},"end":{"line":3,"column":51}},"2":{"start":{"line":10,"column":2},"end":{"line":15,"column":null}},"3":{"start":{"line":11,"column":17},"end":{"line":11,"column":41}},"4":{"start":{"line":12,"column":4},"end":{"line":12,"column":50}},"5":{"start":{"line":14,"column":4},"end":{"line":14,"column":23}},"6":{"start":{"line":5,"column":0},"end":{"line":5,"column":22}},"7":{"start":{"line":25,"column":2},"end":{"line":39,"column":null}},"8":{"start":{"line":26,"column":17},"end":{"line":26,"column":46}},"9":{"start":{"line":28,"column":4},"end":{"line":30,"column":null}},"10":{"start":{"line":29,"column":6},"end":{"line":29,"column":19}},"11":{"start":{"line":32,"column":20},"end":{"line":32,"column":56}},"12":{"start":{"line":34,"column":4},"end":{"line":34,"column":31}},"13":{"start":{"line":34,"column":18},"end":{"line":34,"column":31}},"14":{"start":{"line":36,"column":4},"end":{"line":36,"column":43}},"15":{"start":{"line":38,"column":4},"end":{"line":38,"column":23}},"16":{"start":{"line":18,"column":0},"end":{"line":18,"column":22}},"17":{"start":{"line":43,"column":2},"end":{"line":43,"column":29}},"18":{"start":{"line":42,"column":0},"end":{"line":42,"column":22}}},"fnMap":{"0":{"name":"createUser","decl":{"start":{"line":5,"column":22},"end":{"line":5,"column":32}},"loc":{"start":{"line":8,"column":3},"end":{"line":16,"column":null}}},"1":{"name":"validatePassword","decl":{"start":{"line":18,"column":22},"end":{"line":18,"column":38}},"loc":{"start":{"line":24,"column":1},"end":{"line":40,"column":null}}},"2":{"name":"findUser","decl":{"start":{"line":42,"column":22},"end":{"line":42,"column":30}},"loc":{"start":{"line":42,"column":56},"end":{"line":44,"column":null}}}},"branchMap":{"0":{"loc":{"start":{"line":28,"column":4},"end":{"line":30,"column":null}},"type":"if","locations":[{"start":{"line":28,"column":4},"end":{"line":30,"column":null}}]},"1":{"loc":{"start":{"line":34,"column":4},"end":{"line":34,"column":31}},"type":"if","locations":[{"start":{"line":34,"column":4},"end":{"line":34,"column":31}}]}},"s":{"0":2,"1":2,"2":0,"3":0,"4":0,"5":0,"6":2,"7":0,"8":0,"9":0,"10":0,"11":0,"12":0,"13":0,"14":0,"15":0,"16":2,"17":0,"18":2},"f":{"0":0,"1":0,"2":0},"b":{"0":[0],"1":[0]}}
,"/home/codepoet/Desktop/NodeRestApi/src/utils/jwt.utils.ts": {"path":"/home/codepoet/Desktop/NodeRestApi/src/utils/jwt.utils.ts","statementMap":{"0":{"start":{"line":1,"column":0},"end":{"line":1,"column":31}},"1":{"start":{"line":2,"column":0},"end":{"line":2,"column":28}},"2":{"start":{"line":4,"column":19},"end":{"line":4,"column":51}},"3":{"start":{"line":5,"column":18},"end":{"line":5,"column":49}},"4":{"start":{"line":8,"column":2},"end":{"line":11,"column":5}},"5":{"start":{"line":7,"column":0},"end":{"line":7,"column":16}},"6":{"start":{"line":15,"column":2},"end":{"line":28,"column":null}},"7":{"start":{"line":16,"column":20},"end":{"line":16,"column":48}},"8":{"start":{"line":17,"column":4},"end":{"line":21,"column":6}},"9":{"start":{"line":23,"column":4},"end":{"line":27,"column":6}},"10":{"start":{"line":14,"column":0},"end":{"line":14,"column":16}}},"fnMap":{"0":{"name":"signJwt","decl":{"start":{"line":7,"column":16},"end":{"line":7,"column":23}},"loc":{"start":{"line":7,"column":77},"end":{"line":12,"column":1}}},"1":{"name":"verifyJwt","decl":{"start":{"line":14,"column":16},"end":{"line":14,"column":25}},"loc":{"start":{"line":14,"column":39},"end":{"line":29,"column":1}}}},"branchMap":{},"s":{"0":2,"1":2,"2":2,"3":2,"4":3,"5":2,"6":1,"7":1,"8":1,"9":0,"10":2},"f":{"0":3,"1":1},"b":{}}
,"/home/codepoet/Desktop/NodeRestApi/src/utils/logger.ts": {"path":"/home/codepoet/Desktop/NodeRestApi/src/utils/logger.ts","statementMap":{"0":{"start":{"line":1,"column":0},"end":{"line":1,"column":26}},"1":{"start":{"line":2,"column":0},"end":{"line":2,"column":26}},"2":{"start":{"line":4,"column":12},"end":{"line":13,"column":2}},"3":{"start":{"line":12,"column":19},"end":{"line":12,"column":51}},"4":{"start":{"line":15,"column":0},"end":{"line":15,"column":19}}},"fnMap":{"0":{"name":"(anonymous_1)","decl":{"start":{"line":12,"column":13},"end":{"line":12,"column":16}},"loc":{"start":{"line":12,"column":19},"end":{"line":12,"column":51}}}},"branchMap":{},"s":{"0":2,"1":2,"2":2,"3":3,"4":2},"f":{"0":3},"b":{}}
,"/home/codepoet/Desktop/NodeRestApi/src/utils/server.ts": {"path":"/home/codepoet/Desktop/NodeRestApi/src/utils/server.ts","statementMap":{"0":{"start":{"line":1,"column":0},"end":{"line":1,"column":30}},"1":{"start":{"line":2,"column":0},"end":{"line":2,"column":33}},"2":{"start":{"line":3,"column":0},"end":{"line":3,"column":66}},"3":{"start":{"line":6,"column":14},"end":{"line":6,"column":23}},"4":{"start":{"line":8,"column":2},"end":{"line":8,"column":26}},"5":{"start":{"line":10,"column":2},"end":{"line":10,"column":27}},"6":{"start":{"line":12,"column":2},"end":{"line":12,"column":14}},"7":{"start":{"line":14,"column":2},"end":{"line":14,"column":13}},"8":{"start":{"line":17,"column":0},"end":{"line":17,"column":28}}},"fnMap":{"0":{"name":"createServer","decl":{"start":{"line":5,"column":9},"end":{"line":5,"column":21}},"loc":{"start":{"line":5,"column":21},"end":{"line":15,"column":1}}}},"branchMap":{},"s":{"0":2,"1":2,"2":2,"3":2,"4":2,"5":2,"6":2,"7":2,"8":2},"f":{"0":2},"b":{}}
}
