TN:
SF:config/default.ts
FNF:0
FNH:0
DA:1,2
LF:1
LH:1
BRF:0
BRH:0
end_of_record
TN:
SF:config/test.ts
FNF:0
FNH:0
DA:1,2
LF:1
LH:1
BRF:0
BRH:0
end_of_record
TN:
SF:src/routes.ts
FN:31,routes
FN:44,(anonymous_1)
FNF:2
FNH:1
FNDA:2,routes
FNDA:0,(anonymous_1)
DA:3,2
DA:10,2
DA:16,2
DA:18,2
DA:20,2
DA:27,2
DA:29,2
DA:44,2
DA:45,0
DA:93,2
DA:95,2
DA:101,2
DA:103,2
DA:105,2
DA:134,2
DA:140,2
DA:146,2
DA:153,2
LF:18
LH:17
BRF:0
BRH:0
end_of_record
TN:
SF:src/controller/product.controller.ts
FN:16,createProductHandler
FN:34,updateProductHandler
FN:61,getProductHandler
FN:75,deleteProductHandler
FNF:4
FNH:2
FNDA:1,createProductHandler
FNDA:0,updateProductHandler
FNDA:2,getProductHandler
FNDA:0,deleteProductHandler
DA:8,2
DA:14,2
DA:16,2
DA:20,1
DA:21,1
DA:22,1
DA:23,1
DA:27,1
DA:29,0
DA:30,0
DA:34,2
DA:38,0
DA:40,0
DA:42,0
DA:44,0
DA:46,0
DA:47,0
DA:50,0
DA:51,0
DA:54,0
DA:58,0
DA:61,2
DA:65,2
DA:66,2
DA:68,2
DA:69,1
DA:72,1
DA:75,2
DA:79,0
DA:81,0
DA:83,0
DA:85,0
DA:86,0
DA:89,0
DA:90,0
DA:93,0
DA:95,0
LF:37
LH:16
BRDA:46,0,0,0
BRDA:50,1,0,0
BRDA:68,2,0,1
BRDA:85,3,0,0
BRDA:89,4,0,0
BRF:5
BRH:1
end_of_record
TN:
SF:src/controller/session.controller.ts
FN:12,createUserSessionHandler
FN:36,getUserSessionsHandler
FN:44,deleteUserSessionHandler
FNF:3
FNH:1
FNDA:1,createUserSessionHandler
FNDA:0,getUserSessionsHandler
FNDA:0,deleteUserSessionHandler
DA:2,2
DA:3,2
DA:8,2
DA:9,2
DA:10,2
DA:12,2
DA:14,1
DA:15,1
DA:17,1
DA:19,1
DA:20,0
DA:23,1
DA:28,1
DA:33,1
DA:36,2
DA:37,0
DA:39,0
DA:41,0
DA:44,2
DA:49,0
DA:51,0
DA:53,0
LF:22
LH:15
BRDA:15,0,0,0
BRDA:17,1,0,1
BRDA:17,1,1,0
BRDA:19,2,0,0
BRF:4
BRH:1
end_of_record
TN:
SF:src/controller/user.controller.ts
FN:7,createUserHandler
FNF:1
FNH:1
FNDA:2,createUserHandler
DA:2,2
DA:4,2
DA:7,2
DA:11,2
DA:12,2
DA:13,1
DA:15,1
DA:16,1
LF:8
LH:8
BRF:0
BRH:0
end_of_record
TN:
SF:src/middleware/deserializeUser.ts
FN:6,(anonymous_7)
FN:10,(anonymous_8)
FNF:2
FNH:2
FNDA:7,(anonymous_7)
FNDA:7,(anonymous_8)
DA:2,2
DA:3,2
DA:4,2
DA:6,2
DA:10,7
DA:11,7
DA:16,7
DA:18,7
DA:20,1
DA:22,1
DA:23,1
DA:24,1
DA:27,0
DA:28,0
DA:30,0
DA:31,0
DA:34,0
DA:36,0
DA:37,0
DA:40,0
LF:20
LH:12
BRDA:18,0,0,6
BRDA:22,1,0,1
BRDA:27,2,0,0
BRDA:27,3,0,0
BRDA:27,3,1,0
BRDA:30,4,0,0
BRF:6
BRH:2
end_of_record
TN:
SF:src/middleware/index.ts
FN:1,(anonymous_1)
FN:2,(anonymous_2)
FN:3,(anonymous_3)
FNF:3
FNH:2
FNDA:0,(anonymous_1)
FNDA:10,(anonymous_2)
FNDA:12,(anonymous_3)
DA:1,2
DA:2,12
DA:3,14
LF:3
LH:3
BRF:0
BRH:0
end_of_record
TN:
SF:src/middleware/requireUser.ts
FN:3,(anonymous_0)
FNF:1
FNH:1
FNDA:2,(anonymous_0)
DA:3,2
DA:4,2
DA:6,2
DA:7,1
DA:10,1
DA:13,2
LF:6
LH:6
BRDA:6,0,0,1
BRF:1
BRH:1
end_of_record
TN:
SF:src/middleware/validateResource.ts
FN:5,(anonymous_0)
FN:6,(anonymous_1)
FNF:2
FNH:2
FNDA:12,(anonymous_0)
FNDA:6,(anonymous_1)
DA:5,2
DA:6,12
DA:7,6
DA:8,6
DA:13,5
DA:15,1
DA:19,2
LF:7
LH:7
BRF:0
BRH:0
end_of_record
TN:
SF:src/models/product.model.ts
FN:24,(anonymous_0)
FNF:1
FNH:1
FNDA:2,(anonymous_0)
DA:1,2
DA:2,2
DA:5,2
DA:18,2
DA:24,2
DA:53,2
DA:55,2
LF:7
LH:7
BRF:0
BRH:0
end_of_record
TN:
SF:src/models/session.model.ts
FNF:0
FNH:0
DA:1,2
DA:12,2
DA:34,2
DA:36,2
LF:4
LH:4
BRF:0
BRH:0
end_of_record
TN:
SF:src/models/user.model.ts
FN:37,(anonymous_8)
FN:53,(anonymous_10)
FN:58,(anonymous_12)
FNF:3
FNH:0
FNDA:0,(anonymous_8)
FNDA:0,(anonymous_10)
FNDA:0,(anonymous_12)
DA:1,2
DA:2,2
DA:3,2
DA:14,2
DA:37,2
DA:38,0
DA:40,0
DA:41,0
DA:44,0
DA:46,0
DA:48,0
DA:50,0
DA:53,2
DA:56,0
DA:58,0
DA:61,2
DA:63,2
LF:17
LH:8
BRDA:40,0,0,0
BRF:1
BRH:0
end_of_record
TN:
SF:src/schema/product.schema.ts
FNF:0
FNH:0
DA:1,2
DA:24,2
DA:41,2
DA:49,2
DA:53,2
DA:58,2
DA:62,2
LF:7
LH:7
BRF:0
BRH:0
end_of_record
TN:
SF:src/schema/session.schema.ts
FNF:0
FNH:0
DA:1,2
DA:3,2
LF:2
LH:2
BRF:0
BRH:0
end_of_record
TN:
SF:src/schema/user.schema.ts
FN:59,(anonymous_0)
FNF:1
FNH:1
FNDA:3,(anonymous_0)
DA:1,2
DA:45,2
DA:59,3
LF:3
LH:3
BRF:0
BRH:0
end_of_record
TN:
SF:src/service/product.service.ts
FN:10,createProduct
FN:18,findProduct
FN:25,findAndUpdateProduct
FN:33,deleteProduct
FNF:4
FNH:2
FNDA:2,createProduct
FNDA:2,findProduct
FNDA:0,findAndUpdateProduct
FNDA:0,deleteProduct
DA:8,2
DA:10,2
DA:15,2
DA:18,2
DA:22,2
DA:25,2
DA:30,0
DA:33,2
DA:34,0
LF:9
LH:7
BRDA:20,0,0,2
BRF:1
BRH:1
end_of_record
TN:
SF:src/service/session.service.ts
FN:9,createSession
FN:22,findSessions
FN:26,updateSession
FN:33,reIssueAccessToken
FNF:4
FNH:0
FNDA:0,createSession
FNDA:0,findSessions
FNDA:0,updateSession
FNDA:0,reIssueAccessToken
DA:1,2
DA:3,2
DA:4,2
DA:5,2
DA:6,2
DA:7,2
DA:9,2
DA:10,0
DA:11,0
DA:15,0
DA:17,0
DA:18,0
DA:22,2
DA:23,0
DA:26,2
DA:30,0
DA:33,2
DA:38,0
DA:40,0
DA:42,0
DA:44,0
DA:46,0
DA:48,0
DA:50,0
DA:55,0
LF:25
LH:10
BRDA:40,0,0,0
BRDA:40,1,0,0
BRDA:40,1,1,0
BRDA:44,2,0,0
BRDA:44,3,0,0
BRDA:44,3,1,0
BRDA:46,4,0,0
BRDA:46,4,1,0
BRDA:46,5,0,0
BRDA:46,5,1,0
BRDA:48,6,0,0
BRF:11
BRH:0
end_of_record
TN:
SF:src/service/user.service.ts
FN:5,createUser
FN:18,validatePassword
FN:42,findUser
FNF:3
FNH:0
FNDA:0,createUser
FNDA:0,validatePassword
FNDA:0,findUser
DA:1,2
DA:3,2
DA:5,2
DA:10,0
DA:11,0
DA:12,0
DA:14,0
DA:18,2
DA:25,0
DA:26,0
DA:28,0
DA:29,0
DA:32,0
DA:34,0
DA:36,0
DA:38,0
DA:42,2
DA:43,0
LF:18
LH:5
BRDA:28,0,0,0
BRDA:34,1,0,0
BRF:2
BRH:0
end_of_record
TN:
SF:src/utils/jwt.utils.ts
FN:7,signJwt
FN:14,verifyJwt
FNF:2
FNH:2
FNDA:3,signJwt
FNDA:1,verifyJwt
DA:1,2
DA:2,2
DA:4,2
DA:5,2
DA:7,2
DA:8,3
DA:14,2
DA:15,1
DA:16,1
DA:17,1
DA:23,0
LF:11
LH:10
BRF:0
BRH:0
end_of_record
TN:
SF:src/utils/logger.ts
FN:12,(anonymous_1)
FNF:1
FNH:1
FNDA:3,(anonymous_1)
DA:1,2
DA:2,2
DA:4,2
DA:12,3
DA:15,2
LF:5
LH:5
BRF:0
BRH:0
end_of_record
TN:
SF:src/utils/server.ts
FN:5,createServer
FNF:1
FNH:1
FNDA:2,createServer
DA:1,2
DA:2,2
DA:3,2
DA:6,2
DA:8,2
DA:10,2
DA:12,2
DA:14,2
DA:17,2
LF:9
LH:9
BRF:0
BRH:0
end_of_record
